Testsuite: nl.carpago.testexpert.TestExpertTest
Tests run: 37, Failures: 1, Errors: 8, Time elapsed: 5.034 sec
------------- Standard Output ---------------
2012-10-28 15:44:46,888 FATAL [TestExpert.generateCreateArgumentsForTestMethod()] Annotation and parameters are ordinal not equal!
2012-10-28 15:44:46,891 FATAL [TestExpert.generateCreateArgumentsForTestMethod()] [string1, string2, string3]
2012-10-28 15:44:46,891 FATAL [TestExpert.generateCreateArgumentsForTestMethod()] []
2012-10-28 15:44:47,099 FATAL [TestExpert.generateCreateArgumentsForTestMethod()] Annotation and parameters are ordinal not equal!
2012-10-28 15:44:47,099 FATAL [TestExpert.generateCreateArgumentsForTestMethod()] [string1, string2, string3]
2012-10-28 15:44:47,099 FATAL [TestExpert.generateCreateArgumentsForTestMethod()] []
2012-10-28 15:44:47,329 FATAL [TestExpert.generateCreateArgumentsForTestMethod()] Annotation and parameters are ordinal not equal!
2012-10-28 15:44:47,329 FATAL [TestExpert.generateCreateArgumentsForTestMethod()] [string1, string2, string3]
2012-10-28 15:44:47,329 FATAL [TestExpert.generateCreateArgumentsForTestMethod()] []
2012-10-28 15:44:47,527 FATAL [TestExpert.generateCreateArgumentsForTestMethod()] Annotation and parameters are ordinal not equal!
2012-10-28 15:44:47,528 FATAL [TestExpert.generateCreateArgumentsForTestMethod()] [string1, string2, string3]
2012-10-28 15:44:47,528 FATAL [TestExpert.generateCreateArgumentsForTestMethod()] []
2012-10-28 15:44:47,863 FATAL [TestExpert.generateCreateArgumentsForTestMethod()] Annotation and parameters are ordinal not equal!
2012-10-28 15:44:47,863 FATAL [TestExpert.generateCreateArgumentsForTestMethod()] [string1, string2, string3]
2012-10-28 15:44:47,863 FATAL [TestExpert.generateCreateArgumentsForTestMethod()] []
2012-10-28 15:44:48,347 FATAL [TestExpert.generateCreateArgumentsForTestMethod()] Annotation and parameters are ordinal not equal!
2012-10-28 15:44:48,347 FATAL [TestExpert.generateCreateArgumentsForTestMethod()] [string1, string2, string3]
2012-10-28 15:44:48,348 FATAL [TestExpert.generateCreateArgumentsForTestMethod()] []
2012-10-28 15:44:48,638 FATAL [TestExpert.generateCreateArgumentsForTestMethod()] Annotation and parameters are ordinal not equal!
2012-10-28 15:44:48,639 FATAL [TestExpert.generateCreateArgumentsForTestMethod()] [string1, string2, string3]
2012-10-28 15:44:48,639 FATAL [TestExpert.generateCreateArgumentsForTestMethod()] []
2012-10-28 15:44:48,888 FATAL [TestExpert.generateCreateArgumentsForTestMethod()] Annotation and parameters are ordinal not equal!
2012-10-28 15:44:48,889 FATAL [TestExpert.generateCreateArgumentsForTestMethod()] [string1, string2, string3]
2012-10-28 15:44:48,889 FATAL [TestExpert.generateCreateArgumentsForTestMethod()] []
2012-10-28 15:44:49,172 FATAL [TestExpert.generateCreateArgumentsForTestMethod()] Annotation and parameters are ordinal not equal!
2012-10-28 15:44:49,173 FATAL [TestExpert.generateCreateArgumentsForTestMethod()] [string1, string2, string3]
2012-10-28 15:44:49,173 FATAL [TestExpert.generateCreateArgumentsForTestMethod()] []
2012-10-28 15:44:49,470 FATAL [TestExpert.generateCreateArgumentsForTestMethod()] Annotation and parameters are ordinal not equal!
2012-10-28 15:44:49,470 FATAL [TestExpert.generateCreateArgumentsForTestMethod()] [string1, string2, string3]
2012-10-28 15:44:49,470 FATAL [TestExpert.generateCreateArgumentsForTestMethod()] []
2012-10-28 15:44:49,832 FATAL [TestExpert.generateCreateArgumentsForTestMethod()] Annotation and parameters are ordinal not equal!
2012-10-28 15:44:49,832 FATAL [TestExpert.generateCreateArgumentsForTestMethod()] [string1, string2, string3]
2012-10-28 15:44:49,833 FATAL [TestExpert.generateCreateArgumentsForTestMethod()] []
2012-10-28 15:44:50,138 FATAL [TestExpert.generateCreateArgumentsForTestMethod()] Annotation and parameters are ordinal not equal!
2012-10-28 15:44:50,138 FATAL [TestExpert.generateCreateArgumentsForTestMethod()] [string1, string2, string3]
2012-10-28 15:44:50,138 FATAL [TestExpert.generateCreateArgumentsForTestMethod()] []
------------- ---------------- ---------------
------------- Standard Error -----------------
nl.carpago.testexpert.InvalidAnnotationException: Annotation and parameters are ordinal invalid.
	at nl.carpago.testexpert.TestExpert.generateCreateArgumentsForTestMethod(Unknown Source)
	at nl.carpago.testexpert.TestExpert.generateMethodsWithAnnotationTestMe(Unknown Source)
	at nl.carpago.testexpert.TestExpert.generateTestClass(Unknown Source)
	at nl.carpago.testexpert.TestExpertTest.testIsCallerForCollab(Unknown Source)
	at sun.reflect.NativeMethodAccessorImpl.invoke0(Native Method)
	at sun.reflect.NativeMethodAccessorImpl.invoke(NativeMethodAccessorImpl.java:39)
	at sun.reflect.DelegatingMethodAccessorImpl.invoke(DelegatingMethodAccessorImpl.java:25)
	at java.lang.reflect.Method.invoke(Method.java:597)
	at junit.framework.TestCase.runTest(TestCase.java:168)
	at junit.framework.TestCase.runBare(TestCase.java:134)
	at junit.framework.TestResult$1.protect(TestResult.java:110)
	at junit.framework.TestResult.runProtected(TestResult.java:128)
	at junit.framework.TestResult.run(TestResult.java:113)
	at junit.framework.TestCase.run(TestCase.java:124)
	at junit.framework.TestSuite.runTest(TestSuite.java:232)
	at junit.framework.TestSuite.run(TestSuite.java:227)
	at org.apache.tools.ant.taskdefs.optional.junit.JUnitTestRunner.run(JUnitTestRunner.java:520)
	at org.apache.tools.ant.taskdefs.optional.junit.JUnitTask.executeInVM(JUnitTask.java:1420)
	at org.apache.tools.ant.taskdefs.optional.junit.JUnitTask.execute(JUnitTask.java:848)
	at org.apache.tools.ant.taskdefs.optional.junit.JUnitTask.executeOrQueue(JUnitTask.java:1899)
	at org.apache.tools.ant.taskdefs.optional.junit.JUnitTask.execute(JUnitTask.java:800)
	at org.apache.tools.ant.UnknownElement.execute(UnknownElement.java:291)
	at sun.reflect.GeneratedMethodAccessor4.invoke(Unknown Source)
	at sun.reflect.DelegatingMethodAccessorImpl.invoke(DelegatingMethodAccessorImpl.java:25)
	at java.lang.reflect.Method.invoke(Method.java:597)
	at org.apache.tools.ant.dispatch.DispatchUtils.execute(DispatchUtils.java:106)
	at org.apache.tools.ant.Task.perform(Task.java:348)
	at org.apache.tools.ant.Target.execute(Target.java:392)
	at org.apache.tools.ant.Target.performTasks(Target.java:413)
	at org.apache.tools.ant.Project.executeSortedTargets(Project.java:1399)
	at org.apache.tools.ant.Project.executeTarget(Project.java:1368)
	at org.apache.tools.ant.helper.DefaultExecutor.executeTargets(DefaultExecutor.java:41)
	at org.apache.tools.ant.Project.executeTargets(Project.java:1251)
	at org.apache.tools.ant.Main.runBuild(Main.java:811)
	at org.apache.tools.ant.Main.startAnt(Main.java:217)
	at org.apache.tools.ant.launch.Launcher.run(Launcher.java:280)
	at org.apache.tools.ant.launch.Launcher.main(Launcher.java:109)
nl.carpago.testexpert.InvalidAnnotationException: Annotation and parameters are ordinal invalid.
	at nl.carpago.testexpert.TestExpert.generateCreateArgumentsForTestMethod(Unknown Source)
	at nl.carpago.testexpert.TestExpert.generateMethodsWithAnnotationTestMe(Unknown Source)
	at nl.carpago.testexpert.TestExpert.generateTestClass(Unknown Source)
	at nl.carpago.testexpert.TestExpertTest.testGenerateReplays(Unknown Source)
	at sun.reflect.NativeMethodAccessorImpl.invoke0(Native Method)
	at sun.reflect.NativeMethodAccessorImpl.invoke(NativeMethodAccessorImpl.java:39)
	at sun.reflect.DelegatingMethodAccessorImpl.invoke(DelegatingMethodAccessorImpl.java:25)
	at java.lang.reflect.Method.invoke(Method.java:597)
	at junit.framework.TestCase.runTest(TestCase.java:168)
	at junit.framework.TestCase.runBare(TestCase.java:134)
	at junit.framework.TestResult$1.protect(TestResult.java:110)
	at junit.framework.TestResult.runProtected(TestResult.java:128)
	at junit.framework.TestResult.run(TestResult.java:113)
	at junit.framework.TestCase.run(TestCase.java:124)
	at junit.framework.TestSuite.runTest(TestSuite.java:232)
	at junit.framework.TestSuite.run(TestSuite.java:227)
	at org.apache.tools.ant.taskdefs.optional.junit.JUnitTestRunner.run(JUnitTestRunner.java:520)
	at org.apache.tools.ant.taskdefs.optional.junit.JUnitTask.executeInVM(JUnitTask.java:1420)
	at org.apache.tools.ant.taskdefs.optional.junit.JUnitTask.execute(JUnitTask.java:848)
	at org.apache.tools.ant.taskdefs.optional.junit.JUnitTask.executeOrQueue(JUnitTask.java:1899)
	at org.apache.tools.ant.taskdefs.optional.junit.JUnitTask.execute(JUnitTask.java:800)
	at org.apache.tools.ant.UnknownElement.execute(UnknownElement.java:291)
	at sun.reflect.GeneratedMethodAccessor4.invoke(Unknown Source)
	at sun.reflect.DelegatingMethodAccessorImpl.invoke(DelegatingMethodAccessorImpl.java:25)
	at java.lang.reflect.Method.invoke(Method.java:597)
	at org.apache.tools.ant.dispatch.DispatchUtils.execute(DispatchUtils.java:106)
	at org.apache.tools.ant.Task.perform(Task.java:348)
	at org.apache.tools.ant.Target.execute(Target.java:392)
	at org.apache.tools.ant.Target.performTasks(Target.java:413)
	at org.apache.tools.ant.Project.executeSortedTargets(Project.java:1399)
	at org.apache.tools.ant.Project.executeTarget(Project.java:1368)
	at org.apache.tools.ant.helper.DefaultExecutor.executeTargets(DefaultExecutor.java:41)
	at org.apache.tools.ant.Project.executeTargets(Project.java:1251)
	at org.apache.tools.ant.Main.runBuild(Main.java:811)
	at org.apache.tools.ant.Main.startAnt(Main.java:217)
	at org.apache.tools.ant.launch.Launcher.run(Launcher.java:280)
	at org.apache.tools.ant.launch.Launcher.main(Launcher.java:109)
nl.carpago.testexpert.InvalidAnnotationException: Annotation and parameters are ordinal invalid.
	at nl.carpago.testexpert.TestExpert.generateCreateArgumentsForTestMethod(Unknown Source)
	at nl.carpago.testexpert.TestExpert.generateMethodsWithAnnotationTestMe(Unknown Source)
	at nl.carpago.testexpert.TestExpert.generateTestClass(Unknown Source)
	at nl.carpago.testexpert.TestExpertTest.testGenerateVerifies(Unknown Source)
	at sun.reflect.NativeMethodAccessorImpl.invoke0(Native Method)
	at sun.reflect.NativeMethodAccessorImpl.invoke(NativeMethodAccessorImpl.java:39)
	at sun.reflect.DelegatingMethodAccessorImpl.invoke(DelegatingMethodAccessorImpl.java:25)
	at java.lang.reflect.Method.invoke(Method.java:597)
	at junit.framework.TestCase.runTest(TestCase.java:168)
	at junit.framework.TestCase.runBare(TestCase.java:134)
	at junit.framework.TestResult$1.protect(TestResult.java:110)
	at junit.framework.TestResult.runProtected(TestResult.java:128)
	at junit.framework.TestResult.run(TestResult.java:113)
	at junit.framework.TestCase.run(TestCase.java:124)
	at junit.framework.TestSuite.runTest(TestSuite.java:232)
	at junit.framework.TestSuite.run(TestSuite.java:227)
	at org.apache.tools.ant.taskdefs.optional.junit.JUnitTestRunner.run(JUnitTestRunner.java:520)
	at org.apache.tools.ant.taskdefs.optional.junit.JUnitTask.executeInVM(JUnitTask.java:1420)
	at org.apache.tools.ant.taskdefs.optional.junit.JUnitTask.execute(JUnitTask.java:848)
	at org.apache.tools.ant.taskdefs.optional.junit.JUnitTask.executeOrQueue(JUnitTask.java:1899)
	at org.apache.tools.ant.taskdefs.optional.junit.JUnitTask.execute(JUnitTask.java:800)
	at org.apache.tools.ant.UnknownElement.execute(UnknownElement.java:291)
	at sun.reflect.GeneratedMethodAccessor4.invoke(Unknown Source)
	at sun.reflect.DelegatingMethodAccessorImpl.invoke(DelegatingMethodAccessorImpl.java:25)
	at java.lang.reflect.Method.invoke(Method.java:597)
	at org.apache.tools.ant.dispatch.DispatchUtils.execute(DispatchUtils.java:106)
	at org.apache.tools.ant.Task.perform(Task.java:348)
	at org.apache.tools.ant.Target.execute(Target.java:392)
	at org.apache.tools.ant.Target.performTasks(Target.java:413)
	at org.apache.tools.ant.Project.executeSortedTargets(Project.java:1399)
	at org.apache.tools.ant.Project.executeTarget(Project.java:1368)
	at org.apache.tools.ant.helper.DefaultExecutor.executeTargets(DefaultExecutor.java:41)
	at org.apache.tools.ant.Project.executeTargets(Project.java:1251)
	at org.apache.tools.ant.Main.runBuild(Main.java:811)
	at org.apache.tools.ant.Main.startAnt(Main.java:217)
	at org.apache.tools.ant.launch.Launcher.run(Launcher.java:280)
	at org.apache.tools.ant.launch.Launcher.main(Launcher.java:109)
nl.carpago.testexpert.InvalidAnnotationException: Annotation and parameters are ordinal invalid.
	at nl.carpago.testexpert.TestExpert.generateCreateArgumentsForTestMethod(Unknown Source)
	at nl.carpago.testexpert.TestExpert.generateMethodsWithAnnotationTestMe(Unknown Source)
	at nl.carpago.testexpert.TestExpert.generateTestClass(Unknown Source)
	at nl.carpago.testexpert.TestExpertTest.testGenerateGettersForCollaborators(Unknown Source)
	at sun.reflect.NativeMethodAccessorImpl.invoke0(Native Method)
	at sun.reflect.NativeMethodAccessorImpl.invoke(NativeMethodAccessorImpl.java:39)
	at sun.reflect.DelegatingMethodAccessorImpl.invoke(DelegatingMethodAccessorImpl.java:25)
	at java.lang.reflect.Method.invoke(Method.java:597)
	at junit.framework.TestCase.runTest(TestCase.java:168)
	at junit.framework.TestCase.runBare(TestCase.java:134)
	at junit.framework.TestResult$1.protect(TestResult.java:110)
	at junit.framework.TestResult.runProtected(TestResult.java:128)
	at junit.framework.TestResult.run(TestResult.java:113)
	at junit.framework.TestCase.run(TestCase.java:124)
	at junit.framework.TestSuite.runTest(TestSuite.java:232)
	at junit.framework.TestSuite.run(TestSuite.java:227)
	at org.apache.tools.ant.taskdefs.optional.junit.JUnitTestRunner.run(JUnitTestRunner.java:520)
	at org.apache.tools.ant.taskdefs.optional.junit.JUnitTask.executeInVM(JUnitTask.java:1420)
	at org.apache.tools.ant.taskdefs.optional.junit.JUnitTask.execute(JUnitTask.java:848)
	at org.apache.tools.ant.taskdefs.optional.junit.JUnitTask.executeOrQueue(JUnitTask.java:1899)
	at org.apache.tools.ant.taskdefs.optional.junit.JUnitTask.execute(JUnitTask.java:800)
	at org.apache.tools.ant.UnknownElement.execute(UnknownElement.java:291)
	at sun.reflect.GeneratedMethodAccessor4.invoke(Unknown Source)
	at sun.reflect.DelegatingMethodAccessorImpl.invoke(DelegatingMethodAccessorImpl.java:25)
	at java.lang.reflect.Method.invoke(Method.java:597)
	at org.apache.tools.ant.dispatch.DispatchUtils.execute(DispatchUtils.java:106)
	at org.apache.tools.ant.Task.perform(Task.java:348)
	at org.apache.tools.ant.Target.execute(Target.java:392)
	at org.apache.tools.ant.Target.performTasks(Target.java:413)
	at org.apache.tools.ant.Project.executeSortedTargets(Project.java:1399)
	at org.apache.tools.ant.Project.executeTarget(Project.java:1368)
	at org.apache.tools.ant.helper.DefaultExecutor.executeTargets(DefaultExecutor.java:41)
	at org.apache.tools.ant.Project.executeTargets(Project.java:1251)
	at org.apache.tools.ant.Main.runBuild(Main.java:811)
	at org.apache.tools.ant.Main.startAnt(Main.java:217)
	at org.apache.tools.ant.launch.Launcher.run(Launcher.java:280)
	at org.apache.tools.ant.launch.Launcher.main(Launcher.java:109)
nl.carpago.testexpert.InvalidAnnotationException: Annotation and parameters are ordinal invalid.
	at nl.carpago.testexpert.TestExpert.generateCreateArgumentsForTestMethod(Unknown Source)
	at nl.carpago.testexpert.TestExpert.generateMethodsWithAnnotationTestMe(Unknown Source)
	at nl.carpago.testexpert.TestExpert.generateTestClass(Unknown Source)
	at nl.carpago.testexpert.TestExpertTest.testGenerateExpectAndReplayForCollaboratorsOfMethod(Unknown Source)
	at sun.reflect.NativeMethodAccessorImpl.invoke0(Native Method)
	at sun.reflect.NativeMethodAccessorImpl.invoke(NativeMethodAccessorImpl.java:39)
	at sun.reflect.DelegatingMethodAccessorImpl.invoke(DelegatingMethodAccessorImpl.java:25)
	at java.lang.reflect.Method.invoke(Method.java:597)
	at junit.framework.TestCase.runTest(TestCase.java:168)
	at junit.framework.TestCase.runBare(TestCase.java:134)
	at junit.framework.TestResult$1.protect(TestResult.java:110)
	at junit.framework.TestResult.runProtected(TestResult.java:128)
	at junit.framework.TestResult.run(TestResult.java:113)
	at junit.framework.TestCase.run(TestCase.java:124)
	at junit.framework.TestSuite.runTest(TestSuite.java:232)
	at junit.framework.TestSuite.run(TestSuite.java:227)
	at org.apache.tools.ant.taskdefs.optional.junit.JUnitTestRunner.run(JUnitTestRunner.java:520)
	at org.apache.tools.ant.taskdefs.optional.junit.JUnitTask.executeInVM(JUnitTask.java:1420)
	at org.apache.tools.ant.taskdefs.optional.junit.JUnitTask.execute(JUnitTask.java:848)
	at org.apache.tools.ant.taskdefs.optional.junit.JUnitTask.executeOrQueue(JUnitTask.java:1899)
	at org.apache.tools.ant.taskdefs.optional.junit.JUnitTask.execute(JUnitTask.java:800)
	at org.apache.tools.ant.UnknownElement.execute(UnknownElement.java:291)
	at sun.reflect.GeneratedMethodAccessor4.invoke(Unknown Source)
	at sun.reflect.DelegatingMethodAccessorImpl.invoke(DelegatingMethodAccessorImpl.java:25)
	at java.lang.reflect.Method.invoke(Method.java:597)
	at org.apache.tools.ant.dispatch.DispatchUtils.execute(DispatchUtils.java:106)
	at org.apache.tools.ant.Task.perform(Task.java:348)
	at org.apache.tools.ant.Target.execute(Target.java:392)
	at org.apache.tools.ant.Target.performTasks(Target.java:413)
	at org.apache.tools.ant.Project.executeSortedTargets(Project.java:1399)
	at org.apache.tools.ant.Project.executeTarget(Project.java:1368)
	at org.apache.tools.ant.helper.DefaultExecutor.executeTargets(DefaultExecutor.java:41)
	at org.apache.tools.ant.Project.executeTargets(Project.java:1251)
	at org.apache.tools.ant.Main.runBuild(Main.java:811)
	at org.apache.tools.ant.Main.startAnt(Main.java:217)
	at org.apache.tools.ant.launch.Launcher.run(Launcher.java:280)
	at org.apache.tools.ant.launch.Launcher.main(Launcher.java:109)
nl.carpago.testexpert.InvalidAnnotationException: Annotation and parameters are ordinal invalid.
	at nl.carpago.testexpert.TestExpert.generateCreateArgumentsForTestMethod(Unknown Source)
	at nl.carpago.testexpert.TestExpert.generateMethodsWithAnnotationTestMe(Unknown Source)
	at nl.carpago.testexpert.TestExpert.generateTestClass(Unknown Source)
	at nl.carpago.testexpert.TestExpertTest.testGenerateExpectAndReplayForCollaboratorsOfMethodWithALocalVar(Unknown Source)
	at sun.reflect.NativeMethodAccessorImpl.invoke0(Native Method)
	at sun.reflect.NativeMethodAccessorImpl.invoke(NativeMethodAccessorImpl.java:39)
	at sun.reflect.DelegatingMethodAccessorImpl.invoke(DelegatingMethodAccessorImpl.java:25)
	at java.lang.reflect.Method.invoke(Method.java:597)
	at junit.framework.TestCase.runTest(TestCase.java:168)
	at junit.framework.TestCase.runBare(TestCase.java:134)
	at junit.framework.TestResult$1.protect(TestResult.java:110)
	at junit.framework.TestResult.runProtected(TestResult.java:128)
	at junit.framework.TestResult.run(TestResult.java:113)
	at junit.framework.TestCase.run(TestCase.java:124)
	at junit.framework.TestSuite.runTest(TestSuite.java:232)
	at junit.framework.TestSuite.run(TestSuite.java:227)
	at org.apache.tools.ant.taskdefs.optional.junit.JUnitTestRunner.run(JUnitTestRunner.java:520)
	at org.apache.tools.ant.taskdefs.optional.junit.JUnitTask.executeInVM(JUnitTask.java:1420)
	at org.apache.tools.ant.taskdefs.optional.junit.JUnitTask.execute(JUnitTask.java:848)
	at org.apache.tools.ant.taskdefs.optional.junit.JUnitTask.executeOrQueue(JUnitTask.java:1899)
	at org.apache.tools.ant.taskdefs.optional.junit.JUnitTask.execute(JUnitTask.java:800)
	at org.apache.tools.ant.UnknownElement.execute(UnknownElement.java:291)
	at sun.reflect.GeneratedMethodAccessor4.invoke(Unknown Source)
	at sun.reflect.DelegatingMethodAccessorImpl.invoke(DelegatingMethodAccessorImpl.java:25)
	at java.lang.reflect.Method.invoke(Method.java:597)
	at org.apache.tools.ant.dispatch.DispatchUtils.execute(DispatchUtils.java:106)
	at org.apache.tools.ant.Task.perform(Task.java:348)
	at org.apache.tools.ant.Target.execute(Target.java:392)
	at org.apache.tools.ant.Target.performTasks(Target.java:413)
	at org.apache.tools.ant.Project.executeSortedTargets(Project.java:1399)
	at org.apache.tools.ant.Project.executeTarget(Project.java:1368)
	at org.apache.tools.ant.helper.DefaultExecutor.executeTargets(DefaultExecutor.java:41)
	at org.apache.tools.ant.Project.executeTargets(Project.java:1251)
	at org.apache.tools.ant.Main.runBuild(Main.java:811)
	at org.apache.tools.ant.Main.startAnt(Main.java:217)
	at org.apache.tools.ant.launch.Launcher.run(Launcher.java:280)
	at org.apache.tools.ant.launch.Launcher.main(Launcher.java:109)
nl.carpago.testexpert.InvalidAnnotationException: Annotation and parameters are ordinal invalid.
	at nl.carpago.testexpert.TestExpert.generateCreateArgumentsForTestMethod(Unknown Source)
	at nl.carpago.testexpert.TestExpert.generateMethodsWithAnnotationTestMe(Unknown Source)
	at nl.carpago.testexpert.TestExpert.generateTestClass(Unknown Source)
	at nl.carpago.testexpert.TestExpertTest.testGenerateExpectAndReplayForCollaboratorsOfMethodWithALocalVarWithHelp(Unknown Source)
	at sun.reflect.NativeMethodAccessorImpl.invoke0(Native Method)
	at sun.reflect.NativeMethodAccessorImpl.invoke(NativeMethodAccessorImpl.java:39)
	at sun.reflect.DelegatingMethodAccessorImpl.invoke(DelegatingMethodAccessorImpl.java:25)
	at java.lang.reflect.Method.invoke(Method.java:597)
	at junit.framework.TestCase.runTest(TestCase.java:168)
	at junit.framework.TestCase.runBare(TestCase.java:134)
	at junit.framework.TestResult$1.protect(TestResult.java:110)
	at junit.framework.TestResult.runProtected(TestResult.java:128)
	at junit.framework.TestResult.run(TestResult.java:113)
	at junit.framework.TestCase.run(TestCase.java:124)
	at junit.framework.TestSuite.runTest(TestSuite.java:232)
	at junit.framework.TestSuite.run(TestSuite.java:227)
	at org.apache.tools.ant.taskdefs.optional.junit.JUnitTestRunner.run(JUnitTestRunner.java:520)
	at org.apache.tools.ant.taskdefs.optional.junit.JUnitTask.executeInVM(JUnitTask.java:1420)
	at org.apache.tools.ant.taskdefs.optional.junit.JUnitTask.execute(JUnitTask.java:848)
	at org.apache.tools.ant.taskdefs.optional.junit.JUnitTask.executeOrQueue(JUnitTask.java:1899)
	at org.apache.tools.ant.taskdefs.optional.junit.JUnitTask.execute(JUnitTask.java:800)
	at org.apache.tools.ant.UnknownElement.execute(UnknownElement.java:291)
	at sun.reflect.GeneratedMethodAccessor4.invoke(Unknown Source)
	at sun.reflect.DelegatingMethodAccessorImpl.invoke(DelegatingMethodAccessorImpl.java:25)
	at java.lang.reflect.Method.invoke(Method.java:597)
	at org.apache.tools.ant.dispatch.DispatchUtils.execute(DispatchUtils.java:106)
	at org.apache.tools.ant.Task.perform(Task.java:348)
	at org.apache.tools.ant.Target.execute(Target.java:392)
	at org.apache.tools.ant.Target.performTasks(Target.java:413)
	at org.apache.tools.ant.Project.executeSortedTargets(Project.java:1399)
	at org.apache.tools.ant.Project.executeTarget(Project.java:1368)
	at org.apache.tools.ant.helper.DefaultExecutor.executeTargets(DefaultExecutor.java:41)
	at org.apache.tools.ant.Project.executeTargets(Project.java:1251)
	at org.apache.tools.ant.Main.runBuild(Main.java:811)
	at org.apache.tools.ant.Main.startAnt(Main.java:217)
	at org.apache.tools.ant.launch.Launcher.run(Launcher.java:280)
	at org.apache.tools.ant.launch.Launcher.main(Launcher.java:109)
nl.carpago.testexpert.InvalidAnnotationException: Annotation and parameters are ordinal invalid.
	at nl.carpago.testexpert.TestExpert.generateCreateArgumentsForTestMethod(Unknown Source)
	at nl.carpago.testexpert.TestExpert.generateMethodsWithAnnotationTestMe(Unknown Source)
	at nl.carpago.testexpert.TestExpert.generateTestClass(Unknown Source)
	at nl.carpago.testexpert.TestExpertTest.testGenerateExpectAndReplayForMockit(Unknown Source)
	at sun.reflect.NativeMethodAccessorImpl.invoke0(Native Method)
	at sun.reflect.NativeMethodAccessorImpl.invoke(NativeMethodAccessorImpl.java:39)
	at sun.reflect.DelegatingMethodAccessorImpl.invoke(DelegatingMethodAccessorImpl.java:25)
	at java.lang.reflect.Method.invoke(Method.java:597)
	at junit.framework.TestCase.runTest(TestCase.java:168)
	at junit.framework.TestCase.runBare(TestCase.java:134)
	at junit.framework.TestResult$1.protect(TestResult.java:110)
	at junit.framework.TestResult.runProtected(TestResult.java:128)
	at junit.framework.TestResult.run(TestResult.java:113)
	at junit.framework.TestCase.run(TestCase.java:124)
	at junit.framework.TestSuite.runTest(TestSuite.java:232)
	at junit.framework.TestSuite.run(TestSuite.java:227)
	at org.apache.tools.ant.taskdefs.optional.junit.JUnitTestRunner.run(JUnitTestRunner.java:520)
	at org.apache.tools.ant.taskdefs.optional.junit.JUnitTask.executeInVM(JUnitTask.java:1420)
	at org.apache.tools.ant.taskdefs.optional.junit.JUnitTask.execute(JUnitTask.java:848)
	at org.apache.tools.ant.taskdefs.optional.junit.JUnitTask.executeOrQueue(JUnitTask.java:1899)
	at org.apache.tools.ant.taskdefs.optional.junit.JUnitTask.execute(JUnitTask.java:800)
	at org.apache.tools.ant.UnknownElement.execute(UnknownElement.java:291)
	at sun.reflect.GeneratedMethodAccessor4.invoke(Unknown Source)
	at sun.reflect.DelegatingMethodAccessorImpl.invoke(DelegatingMethodAccessorImpl.java:25)
	at java.lang.reflect.Method.invoke(Method.java:597)
	at org.apache.tools.ant.dispatch.DispatchUtils.execute(DispatchUtils.java:106)
	at org.apache.tools.ant.Task.perform(Task.java:348)
	at org.apache.tools.ant.Target.execute(Target.java:392)
	at org.apache.tools.ant.Target.performTasks(Target.java:413)
	at org.apache.tools.ant.Project.executeSortedTargets(Project.java:1399)
	at org.apache.tools.ant.Project.executeTarget(Project.java:1368)
	at org.apache.tools.ant.helper.DefaultExecutor.executeTargets(DefaultExecutor.java:41)
	at org.apache.tools.ant.Project.executeTargets(Project.java:1251)
	at org.apache.tools.ant.Main.runBuild(Main.java:811)
	at org.apache.tools.ant.Main.startAnt(Main.java:217)
	at org.apache.tools.ant.launch.Launcher.run(Launcher.java:280)
	at org.apache.tools.ant.launch.Launcher.main(Launcher.java:109)
nl.carpago.testexpert.InvalidAnnotationException: Annotation and parameters are ordinal invalid.
	at nl.carpago.testexpert.TestExpert.generateCreateArgumentsForTestMethod(Unknown Source)
	at nl.carpago.testexpert.TestExpert.generateMethodsWithAnnotationTestMe(Unknown Source)
	at nl.carpago.testexpert.TestExpert.generateTestClass(Unknown Source)
	at nl.carpago.testexpert.TestExpertTest.testWithQuestionMarkOrAsteriskInAnnotation(Unknown Source)
	at sun.reflect.NativeMethodAccessorImpl.invoke0(Native Method)
	at sun.reflect.NativeMethodAccessorImpl.invoke(NativeMethodAccessorImpl.java:39)
	at sun.reflect.DelegatingMethodAccessorImpl.invoke(DelegatingMethodAccessorImpl.java:25)
	at java.lang.reflect.Method.invoke(Method.java:597)
	at junit.framework.TestCase.runTest(TestCase.java:168)
	at junit.framework.TestCase.runBare(TestCase.java:134)
	at junit.framework.TestResult$1.protect(TestResult.java:110)
	at junit.framework.TestResult.runProtected(TestResult.java:128)
	at junit.framework.TestResult.run(TestResult.java:113)
	at junit.framework.TestCase.run(TestCase.java:124)
	at junit.framework.TestSuite.runTest(TestSuite.java:232)
	at junit.framework.TestSuite.run(TestSuite.java:227)
	at org.apache.tools.ant.taskdefs.optional.junit.JUnitTestRunner.run(JUnitTestRunner.java:520)
	at org.apache.tools.ant.taskdefs.optional.junit.JUnitTask.executeInVM(JUnitTask.java:1420)
	at org.apache.tools.ant.taskdefs.optional.junit.JUnitTask.execute(JUnitTask.java:848)
	at org.apache.tools.ant.taskdefs.optional.junit.JUnitTask.executeOrQueue(JUnitTask.java:1899)
	at org.apache.tools.ant.taskdefs.optional.junit.JUnitTask.execute(JUnitTask.java:800)
	at org.apache.tools.ant.UnknownElement.execute(UnknownElement.java:291)
	at sun.reflect.GeneratedMethodAccessor4.invoke(Unknown Source)
	at sun.reflect.DelegatingMethodAccessorImpl.invoke(DelegatingMethodAccessorImpl.java:25)
	at java.lang.reflect.Method.invoke(Method.java:597)
	at org.apache.tools.ant.dispatch.DispatchUtils.execute(DispatchUtils.java:106)
	at org.apache.tools.ant.Task.perform(Task.java:348)
	at org.apache.tools.ant.Target.execute(Target.java:392)
	at org.apache.tools.ant.Target.performTasks(Target.java:413)
	at org.apache.tools.ant.Project.executeSortedTargets(Project.java:1399)
	at org.apache.tools.ant.Project.executeTarget(Project.java:1368)
	at org.apache.tools.ant.helper.DefaultExecutor.executeTargets(DefaultExecutor.java:41)
	at org.apache.tools.ant.Project.executeTargets(Project.java:1251)
	at org.apache.tools.ant.Main.runBuild(Main.java:811)
	at org.apache.tools.ant.Main.startAnt(Main.java:217)
	at org.apache.tools.ant.launch.Launcher.run(Launcher.java:280)
	at org.apache.tools.ant.launch.Launcher.main(Launcher.java:109)
nl.carpago.testexpert.InvalidAnnotationException: Annotation and parameters are ordinal invalid.
	at nl.carpago.testexpert.TestExpert.generateCreateArgumentsForTestMethod(Unknown Source)
	at nl.carpago.testexpert.TestExpert.generateMethodsWithAnnotationTestMe(Unknown Source)
	at nl.carpago.testexpert.TestExpert.generateTestClass(Unknown Source)
	at nl.carpago.testexpert.TestExpertTest.testMethodWithVoidReturn(Unknown Source)
	at sun.reflect.NativeMethodAccessorImpl.invoke0(Native Method)
	at sun.reflect.NativeMethodAccessorImpl.invoke(NativeMethodAccessorImpl.java:39)
	at sun.reflect.DelegatingMethodAccessorImpl.invoke(DelegatingMethodAccessorImpl.java:25)
	at java.lang.reflect.Method.invoke(Method.java:597)
	at junit.framework.TestCase.runTest(TestCase.java:168)
	at junit.framework.TestCase.runBare(TestCase.java:134)
	at junit.framework.TestResult$1.protect(TestResult.java:110)
	at junit.framework.TestResult.runProtected(TestResult.java:128)
	at junit.framework.TestResult.run(TestResult.java:113)
	at junit.framework.TestCase.run(TestCase.java:124)
	at junit.framework.TestSuite.runTest(TestSuite.java:232)
	at junit.framework.TestSuite.run(TestSuite.java:227)
	at org.apache.tools.ant.taskdefs.optional.junit.JUnitTestRunner.run(JUnitTestRunner.java:520)
	at org.apache.tools.ant.taskdefs.optional.junit.JUnitTask.executeInVM(JUnitTask.java:1420)
	at org.apache.tools.ant.taskdefs.optional.junit.JUnitTask.execute(JUnitTask.java:848)
	at org.apache.tools.ant.taskdefs.optional.junit.JUnitTask.executeOrQueue(JUnitTask.java:1899)
	at org.apache.tools.ant.taskdefs.optional.junit.JUnitTask.execute(JUnitTask.java:800)
	at org.apache.tools.ant.UnknownElement.execute(UnknownElement.java:291)
	at sun.reflect.GeneratedMethodAccessor4.invoke(Unknown Source)
	at sun.reflect.DelegatingMethodAccessorImpl.invoke(DelegatingMethodAccessorImpl.java:25)
	at java.lang.reflect.Method.invoke(Method.java:597)
	at org.apache.tools.ant.dispatch.DispatchUtils.execute(DispatchUtils.java:106)
	at org.apache.tools.ant.Task.perform(Task.java:348)
	at org.apache.tools.ant.Target.execute(Target.java:392)
	at org.apache.tools.ant.Target.performTasks(Target.java:413)
	at org.apache.tools.ant.Project.executeSortedTargets(Project.java:1399)
	at org.apache.tools.ant.Project.executeTarget(Project.java:1368)
	at org.apache.tools.ant.helper.DefaultExecutor.executeTargets(DefaultExecutor.java:41)
	at org.apache.tools.ant.Project.executeTargets(Project.java:1251)
	at org.apache.tools.ant.Main.runBuild(Main.java:811)
	at org.apache.tools.ant.Main.startAnt(Main.java:217)
	at org.apache.tools.ant.launch.Launcher.run(Launcher.java:280)
	at org.apache.tools.ant.launch.Launcher.main(Launcher.java:109)
nl.carpago.testexpert.InvalidAnnotationException: Annotation and parameters are ordinal invalid.
	at nl.carpago.testexpert.TestExpert.generateCreateArgumentsForTestMethod(Unknown Source)
	at nl.carpago.testexpert.TestExpert.generateMethodsWithAnnotationTestMe(Unknown Source)
	at nl.carpago.testexpert.TestExpert.generateTestClass(Unknown Source)
	at nl.carpago.testexpert.TestExpertTest.testCallToCollabWithReturn(Unknown Source)
	at sun.reflect.NativeMethodAccessorImpl.invoke0(Native Method)
	at sun.reflect.NativeMethodAccessorImpl.invoke(NativeMethodAccessorImpl.java:39)
	at sun.reflect.DelegatingMethodAccessorImpl.invoke(DelegatingMethodAccessorImpl.java:25)
	at java.lang.reflect.Method.invoke(Method.java:597)
	at junit.framework.TestCase.runTest(TestCase.java:168)
	at junit.framework.TestCase.runBare(TestCase.java:134)
	at junit.framework.TestResult$1.protect(TestResult.java:110)
	at junit.framework.TestResult.runProtected(TestResult.java:128)
	at junit.framework.TestResult.run(TestResult.java:113)
	at junit.framework.TestCase.run(TestCase.java:124)
	at junit.framework.TestSuite.runTest(TestSuite.java:232)
	at junit.framework.TestSuite.run(TestSuite.java:227)
	at org.apache.tools.ant.taskdefs.optional.junit.JUnitTestRunner.run(JUnitTestRunner.java:520)
	at org.apache.tools.ant.taskdefs.optional.junit.JUnitTask.executeInVM(JUnitTask.java:1420)
	at org.apache.tools.ant.taskdefs.optional.junit.JUnitTask.execute(JUnitTask.java:848)
	at org.apache.tools.ant.taskdefs.optional.junit.JUnitTask.executeOrQueue(JUnitTask.java:1899)
	at org.apache.tools.ant.taskdefs.optional.junit.JUnitTask.execute(JUnitTask.java:800)
	at org.apache.tools.ant.UnknownElement.execute(UnknownElement.java:291)
	at sun.reflect.GeneratedMethodAccessor4.invoke(Unknown Source)
	at sun.reflect.DelegatingMethodAccessorImpl.invoke(DelegatingMethodAccessorImpl.java:25)
	at java.lang.reflect.Method.invoke(Method.java:597)
	at org.apache.tools.ant.dispatch.DispatchUtils.execute(DispatchUtils.java:106)
	at org.apache.tools.ant.Task.perform(Task.java:348)
	at org.apache.tools.ant.Target.execute(Target.java:392)
	at org.apache.tools.ant.Target.performTasks(Target.java:413)
	at org.apache.tools.ant.Project.executeSortedTargets(Project.java:1399)
	at org.apache.tools.ant.Project.executeTarget(Project.java:1368)
	at org.apache.tools.ant.helper.DefaultExecutor.executeTargets(DefaultExecutor.java:41)
	at org.apache.tools.ant.Project.executeTargets(Project.java:1251)
	at org.apache.tools.ant.Main.runBuild(Main.java:811)
	at org.apache.tools.ant.Main.startAnt(Main.java:217)
	at org.apache.tools.ant.launch.Launcher.run(Launcher.java:280)
	at org.apache.tools.ant.launch.Launcher.main(Launcher.java:109)
nl.carpago.testexpert.InvalidAnnotationException: Annotation and parameters are ordinal invalid.
	at nl.carpago.testexpert.TestExpert.generateCreateArgumentsForTestMethod(Unknown Source)
	at nl.carpago.testexpert.TestExpert.generateMethodsWithAnnotationTestMe(Unknown Source)
	at nl.carpago.testexpert.TestExpert.generateTestClass(Unknown Source)
	at nl.carpago.testexpert.TestExpertTest.testAllGeneratedCodeThroughInputstream(Unknown Source)
	at sun.reflect.NativeMethodAccessorImpl.invoke0(Native Method)
	at sun.reflect.NativeMethodAccessorImpl.invoke(NativeMethodAccessorImpl.java:39)
	at sun.reflect.DelegatingMethodAccessorImpl.invoke(DelegatingMethodAccessorImpl.java:25)
	at java.lang.reflect.Method.invoke(Method.java:597)
	at junit.framework.TestCase.runTest(TestCase.java:168)
	at junit.framework.TestCase.runBare(TestCase.java:134)
	at junit.framework.TestResult$1.protect(TestResult.java:110)
	at junit.framework.TestResult.runProtected(TestResult.java:128)
	at junit.framework.TestResult.run(TestResult.java:113)
	at junit.framework.TestCase.run(TestCase.java:124)
	at junit.framework.TestSuite.runTest(TestSuite.java:232)
	at junit.framework.TestSuite.run(TestSuite.java:227)
	at org.apache.tools.ant.taskdefs.optional.junit.JUnitTestRunner.run(JUnitTestRunner.java:520)
	at org.apache.tools.ant.taskdefs.optional.junit.JUnitTask.executeInVM(JUnitTask.java:1420)
	at org.apache.tools.ant.taskdefs.optional.junit.JUnitTask.execute(JUnitTask.java:848)
	at org.apache.tools.ant.taskdefs.optional.junit.JUnitTask.executeOrQueue(JUnitTask.java:1899)
	at org.apache.tools.ant.taskdefs.optional.junit.JUnitTask.execute(JUnitTask.java:800)
	at org.apache.tools.ant.UnknownElement.execute(UnknownElement.java:291)
	at sun.reflect.GeneratedMethodAccessor4.invoke(Unknown Source)
	at sun.reflect.DelegatingMethodAccessorImpl.invoke(DelegatingMethodAccessorImpl.java:25)
	at java.lang.reflect.Method.invoke(Method.java:597)
	at org.apache.tools.ant.dispatch.DispatchUtils.execute(DispatchUtils.java:106)
	at org.apache.tools.ant.Task.perform(Task.java:348)
	at org.apache.tools.ant.Target.execute(Target.java:392)
	at org.apache.tools.ant.Target.performTasks(Target.java:413)
	at org.apache.tools.ant.Project.executeSortedTargets(Project.java:1399)
	at org.apache.tools.ant.Project.executeTarget(Project.java:1368)
	at org.apache.tools.ant.helper.DefaultExecutor.executeTargets(DefaultExecutor.java:41)
	at org.apache.tools.ant.Project.executeTargets(Project.java:1251)
	at org.apache.tools.ant.Main.runBuild(Main.java:811)
	at org.apache.tools.ant.Main.startAnt(Main.java:217)
	at org.apache.tools.ant.launch.Launcher.run(Launcher.java:280)
	at org.apache.tools.ant.launch.Launcher.main(Launcher.java:109)
------------- ---------------- ---------------

Testcase: testConstructor took 0.626 sec
Testcase: testIsLiteral took 0.038 sec
Testcase: testGenerateConstructorForClass took 0.034 sec
Testcase: testGenerateSomethingForInterface took 0.031 sec
Testcase: testGetParameterNamesForMethodWithInterface took 0.042 sec
Testcase: testGetParameterNamesForMethodWithConcreteClass took 0.031 sec
	FAILED
expected:<[first, second]> but was:<[int1, int2]>
junit.framework.AssertionFailedError: expected:<[first, second]> but was:<[int1, int2]>
	at nl.carpago.testexpert.TestExpertTest.testGetParameterNamesForMethodWithConcreteClass(Unknown Source)

Testcase: testGetParameterNamesForMethodWithInterfaceWithStringAsParameters took 0.031 sec
Testcase: testGetPrimitiveType took 0.033 sec
Testcase: testGetParameterNamesForMethod took 0.029 sec
	Caused an ERROR
expected:<[one]> but was:<[string1]>
org.junit.ComparisonFailure: expected:<[one]> but was:<[string1]>
	at nl.carpago.testexpert.TestExpertTest.testGetParameterNamesForMethod(Unknown Source)

Testcase: testGetParameterTypesForMethod took 0.027 sec
Testcase: testGetParameterTypeAndNameForMethod took 0.029 sec
	Caused an ERROR
expected:<int [one, String two, Person three]> but was:<int [int1, String string2, Person person3]>
org.junit.ComparisonFailure: expected:<int [one, String two, Person three]> but was:<int [int1, String string2, Person person3]>
	at nl.carpago.testexpert.TestExpertTest.testGetParameterTypeAndNameForMethod(Unknown Source)

Testcase: testFindAllJavaFilesForFolder took 0.105 sec
Testcase: testGenerateHeader took 0.058 sec
Testcase: testGenerateFooter took 0.05 sec
Testcase: testGenerateAnnotationsForSpringTest took 0.043 sec
Testcase: testInitalizeTestFramework took 0.066 sec
Testcase: testGenerateFixturesForMethod took 0.048 sec
Testcase: testGenerateFixturesForMethodWithLiteral took 0.061 sec
Testcase: testCodegenPackage took 0.048 sec
Testcase: testCodegenFixtures took 0.049 sec
Testcase: testGenerateCreateArgumentsForTestMethod took 0.045 sec
	Caused an ERROR

java.lang.AssertionError: 
	at nl.carpago.testexpert.TestExpertTest.testGenerateCreateArgumentsForTestMethod(Unknown Source)

Testcase: testIsCallerForCollab took 0.252 sec
Testcase: testGenerateReplays took 0.209 sec
Testcase: testGenerateVerifies took 0.229 sec
Testcase: testGenerateGettersForCollaborators took 0.199 sec
Testcase: testGenerateCallToTestMethod took 0.036 sec
Testcase: testGenerateAssertStatementsForMethod took 0.035 sec
Testcase: testCheckAndImport took 0.037 sec
Testcase: testGenerateSetup took 0.04 sec
Testcase: testGenerateExpectAndReplayForCollaboratorsOfMethod took 0.476 sec
Testcase: testGenerateExpectAndReplayForCollaboratorsOfMethodWithALocalVar took 0.266 sec
	Caused an ERROR

java.lang.AssertionError: 
	at nl.carpago.testexpert.TestExpertTest.testGenerateExpectAndReplayForCollaboratorsOfMethodWithALocalVar(Unknown Source)

Testcase: testGenerateExpectAndReplayForCollaboratorsOfMethodWithALocalVarWithHelp took 0.291 sec
Testcase: testGenerateExpectAndReplayForMockit took 0.256 sec
	Caused an ERROR
Line:String validate(int number){ not found!
java.lang.AssertionError: Line:String validate(int number){ not found!
	at nl.carpago.testexpert.TestExpertTest.testGenerateExpectAndReplayForMockit(Unknown Source)

Testcase: testWithQuestionMarkOrAsteriskInAnnotation took 0.287 sec
Testcase: testMethodWithVoidReturn took 0.3 sec
	Caused an ERROR
expected:<[persoonDao.voidmethod(number]);> but was:<[int input = 17;
		persoonDao.voidmethod(input]);>
org.junit.ComparisonFailure: expected:<[persoonDao.voidmethod(number]);> but was:<[int input = 17;
		persoonDao.voidmethod(input]);>
	at nl.carpago.testexpert.TestExpertTest.testMethodWithVoidReturn(Unknown Source)

Testcase: testCallToCollabWithReturn took 0.37 sec
	Caused an ERROR
expected:<...pect(persoonDao.inc([number])).andReturn(number)...> but was:<...pect(persoonDao.inc([3])).andReturn(number)...>
org.junit.ComparisonFailure: expected:<...pect(persoonDao.inc([number])).andReturn(number)...> but was:<...pect(persoonDao.inc([3])).andReturn(number)...>
	at nl.carpago.testexpert.TestExpertTest.testCallToCollabWithReturn(Unknown Source)

Testcase: testAllGeneratedCodeThroughInputstream took 0.218 sec
	Caused an ERROR
Line numbers incorrect in generatedCode! expected:<75> but was:<95>
java.lang.AssertionError: Line numbers incorrect in generatedCode! expected:<75> but was:<95>
	at nl.carpago.testexpert.TestExpertTest.testAllGeneratedCodeThroughInputstream(Unknown Source)

